# JRE version: OpenJDK Runtime Environment (16.0.1+9) (build 16.0.1+9-24)
# Java VM: OpenJDK 64-Bit Server VM (16.0.1+9-24, mixed mode, sharing, tiered, compressed oops, compressed class ptrs, g1 gc, windows-amd64)
GC Precious Log:
 CPUs: 4 total, 4 available
 Memory: 8083M
 Large Page Support: Disabled
 NUMA Support: Disabled
 Compressed Oops: Enabled (32-bit)
 Heap Region Size: 1M
 Heap Min Capacity: 256M
 Heap Initial Capacity: 256M
 Heap Max Capacity: 512M
 Pre-touch: Disabled
 Parallel Workers: 4
 Concurrent Workers: 1
 Concurrent Refinement Workers: 4
 Periodic GC: Disabled
Heap:
 garbage-first heap   total 262144K, used 48344K [0x00000000e0000000, 0x0000000100000000)
  region size 1024K, 19 young (19456K), 8 survivors (8192K)
 Metaspace       used 33008K, committed 33408K, reserved 245760K
  class space    used 4487K, committed 4672K, reserved 212992K
GC Heap History (10 events):
Event: 0.263 GC heap before
{Heap before GC invocations=0 (full 0):
 garbage-first heap   total 262144K, used 15360K [0x00000000e0000000, 0x0000000100000000)
  region size 1024K, 13 young (13312K), 0 survivors (0K)
 Metaspace       used 1037K, committed 1216K, reserved 221184K
  class space    used 73K, committed 128K, reserved 212992K
}
Event: 0.265 GC heap after
{Heap after GC invocations=1 (full 0):
 garbage-first heap   total 262144K, used 4177K [0x00000000e0000000, 0x0000000100000000)
  region size 1024K, 2 young (2048K), 2 survivors (2048K)
 Metaspace       used 1037K, committed 1216K, reserved 221184K
  class space    used 73K, committed 128K, reserved 212992K
}
Event: 0.513 GC heap before
{Heap before GC invocations=1 (full 0):
 garbage-first heap   total 262144K, used 21585K [0x00000000e0000000, 0x0000000100000000)
  region size 1024K, 16 young (16384K), 2 survivors (2048K)
 Metaspace       used 3754K, committed 3968K, reserved 221184K
  class space    used 457K, committed 576K, reserved 212992K
}
Event: 0.515 GC heap after
{Heap after GC invocations=2 (full 0):
 garbage-first heap   total 262144K, used 9183K [0x00000000e0000000, 0x0000000100000000)
  region size 1024K, 2 young (2048K), 2 survivors (2048K)
 Metaspace       used 3754K, committed 3968K, reserved 221184K
  class space    used 457K, committed 576K, reserved 212992K
}
Event: 0.716 GC heap before
{Heap before GC invocations=2 (full 0):
 garbage-first heap   total 262144K, used 30687K [0x00000000e0000000, 0x0000000100000000)
  region size 1024K, 23 young (23552K), 2 survivors (2048K)
 Metaspace       used 3980K, committed 4160K, reserved 221184K
  class space    used 470K, committed 576K, reserved 212992K
}
Event: 0.718 GC heap after
{Heap after GC invocations=3 (full 0):
 garbage-first heap   total 262144K, used 11914K [0x00000000e0000000, 0x0000000100000000)
  region size 1024K, 2 young (2048K), 2 survivors (2048K)
 Metaspace       used 3980K, committed 4160K, reserved 221184K
  class space    used 470K, committed 576K, reserved 212992K
}
Event: 2.302 GC heap before
{Heap before GC invocations=3 (full 0):
 garbage-first heap   total 262144K, used 129674K [0x00000000e0000000, 0x0000000100000000)
  region size 1024K, 112 young (114688K), 2 survivors (2048K)
 Metaspace       used 20899K, committed 21248K, reserved 237568K
  class space    used 3082K, committed 3264K, reserved 212992K
}
Event: 2.310 GC heap after
{Heap after GC invocations=4 (full 0):
 garbage-first heap   total 262144K, used 28626K [0x00000000e0000000, 0x0000000100000000)
  region size 1024K, 13 young (13312K), 13 survivors (13312K)
 Metaspace       used 20899K, committed 21248K, reserved 237568K
  class space    used 3082K, committed 3264K, reserved 212992K
}
Event: 3.570 GC heap before
{Heap before GC invocations=5 (full 0):
 garbage-first heap   total 262144K, used 180178K [0x00000000e0000000, 0x0000000100000000)
  region size 1024K, 153 young (156672K), 13 survivors (13312K)
 Metaspace       used 33003K, committed 33408K, reserved 245760K
  class space    used 4487K, committed 4672K, reserved 212992K
}
Event: 3.583 GC heap after
{Heap after GC invocations=6 (full 0):
 garbage-first heap   total 262144K, used 38104K [0x00000000e0000000, 0x0000000100000000)
  region size 1024K, 8 young (8192K), 8 survivors (8192K)
 Metaspace       used 33003K, committed 33408K, reserved 245760K
  class space    used 4487K, committed 4672K, reserved 212992K
}

