# JRE version: OpenJDK Runtime Environment (16.0.1+9) (build 16.0.1+9-24)
# Java VM: OpenJDK 64-Bit Server VM (16.0.1+9-24, mixed mode, sharing, tiered, compressed oops, compressed class ptrs, g1 gc, windows-amd64)
GC Precious Log:
 CPUs: 4 total, 4 available
 Memory: 8083M
 Large Page Support: Disabled
 NUMA Support: Disabled
 Compressed Oops: Enabled (32-bit)
 Heap Region Size: 1M
 Heap Min Capacity: 8M
 Heap Initial Capacity: 128M
 Heap Max Capacity: 2022M
 Pre-touch: Disabled
 Parallel Workers: 4
 Concurrent Workers: 1
 Concurrent Refinement Workers: 4
 Periodic GC: Disabled
Heap:
 garbage-first heap   total 131072K, used 12024K [0x0000000081a00000, 0x0000000100000000)
  region size 1024K, 9 young (9216K), 3 survivors (3072K)
 Metaspace       used 14535K, committed 14784K, reserved 1064960K
  class space    used 1891K, committed 2048K, reserved 1048576K
GC Heap History (6 events):
Event: 0.322 GC heap before
{Heap before GC invocations=0 (full 0):
 garbage-first heap   total 131072K, used 12288K [0x0000000081a00000, 0x0000000100000000)
  region size 1024K, 13 young (13312K), 0 survivors (0K)
 Metaspace       used 5302K, committed 5504K, reserved 1056768K
  class space    used 611K, committed 704K, reserved 1048576K
}
Event: 0.327 GC heap after
{Heap after GC invocations=1 (full 0):
 garbage-first heap   total 131072K, used 4475K [0x0000000081a00000, 0x0000000100000000)
  region size 1024K, 2 young (2048K), 2 survivors (2048K)
 Metaspace       used 5302K, committed 5504K, reserved 1056768K
  class space    used 611K, committed 704K, reserved 1048576K
}
Event: 0.490 GC heap before
{Heap before GC invocations=1 (full 0):
 garbage-first heap   total 131072K, used 17787K [0x0000000081a00000, 0x0000000100000000)
  region size 1024K, 15 young (15360K), 2 survivors (2048K)
 Metaspace       used 8227K, committed 8448K, reserved 1056768K
  class space    used 1044K, committed 1152K, reserved 1048576K
}
Event: 0.493 GC heap after
{Heap after GC invocations=2 (full 0):
 garbage-first heap   total 131072K, used 5578K [0x0000000081a00000, 0x0000000100000000)
  region size 1024K, 2 young (2048K), 2 survivors (2048K)
 Metaspace       used 8227K, committed 8448K, reserved 1056768K
  class space    used 1044K, committed 1152K, reserved 1048576K
}
Event: 0.680 GC heap before
{Heap before GC invocations=2 (full 0):
 garbage-first heap   total 131072K, used 30154K [0x0000000081a00000, 0x0000000100000000)
  region size 1024K, 27 young (27648K), 2 survivors (2048K)
 Metaspace       used 13896K, committed 14144K, reserved 1064960K
  class space    used 1796K, committed 1920K, reserved 1048576K
}
Event: 0.683 GC heap after
{Heap after GC invocations=3 (full 0):
 garbage-first heap   total 131072K, used 6904K [0x0000000081a00000, 0x0000000100000000)
  region size 1024K, 3 young (3072K), 3 survivors (3072K)
 Metaspace       used 13896K, committed 14144K, reserved 1064960K
  class space    used 1796K, committed 1920K, reserved 1048576K
}

