# JRE version: Java(TM) SE Runtime Environment (16.0.1+9) (build 16.0.1+9-24)
# Java VM: Java HotSpot(TM) 64-Bit Server VM (16.0.1+9-24, mixed mode, sharing, tiered, compressed oops, compressed class ptrs, g1 gc, windows-amd64)
GC Precious Log:
 CPUs: 4 total, 4 available
 Memory: 8083M
 Large Page Support: Disabled
 NUMA Support: Disabled
 Compressed Oops: Enabled (32-bit)
 Heap Region Size: 1M
 Heap Min Capacity: 8M
 Heap Initial Capacity: 128M
 Heap Max Capacity: 2022M
 Pre-touch: Disabled
 Parallel Workers: 4
 Concurrent Workers: 1
 Concurrent Refinement Workers: 4
 Periodic GC: Disabled
Heap:
 garbage-first heap   total 118784K, used 38492K [0x0000000081a00000, 0x0000000100000000)
  region size 1024K, 27 young (27648K), 3 survivors (3072K)
 Metaspace       used 27816K, committed 28160K, reserved 1073152K
  class space    used 3815K, committed 3968K, reserved 1048576K
GC Heap History (18 events):
Event: 0.893 GC heap before
{Heap before GC invocations=0 (full 0):
 garbage-first heap   total 131072K, used 14336K [0x0000000081a00000, 0x0000000100000000)
  region size 1024K, 13 young (13312K), 0 survivors (0K)
 Metaspace       used 5115K, committed 5312K, reserved 1056768K
  class space    used 575K, committed 640K, reserved 1048576K
}
Event: 0.897 GC heap after
{Heap after GC invocations=1 (full 0):
 garbage-first heap   total 131072K, used 6862K [0x0000000081a00000, 0x0000000100000000)
  region size 1024K, 2 young (2048K), 2 survivors (2048K)
 Metaspace       used 5115K, committed 5312K, reserved 1056768K
  class space    used 575K, committed 640K, reserved 1048576K
}
Event: 1.199 GC heap before
{Heap before GC invocations=1 (full 0):
 garbage-first heap   total 131072K, used 17102K [0x0000000081a00000, 0x0000000100000000)
  region size 1024K, 13 young (13312K), 2 survivors (2048K)
 Metaspace       used 6683K, committed 6912K, reserved 1056768K
  class space    used 777K, committed 896K, reserved 1048576K
}
Event: 1.201 GC heap after
{Heap after GC invocations=2 (full 0):
 garbage-first heap   total 131072K, used 8185K [0x0000000081a00000, 0x0000000100000000)
  region size 1024K, 2 young (2048K), 2 survivors (2048K)
 Metaspace       used 6683K, committed 6912K, reserved 1056768K
  class space    used 777K, committed 896K, reserved 1048576K
}
Event: 1.207 GC heap before
{Heap before GC invocations=2 (full 0):
 garbage-first heap   total 131072K, used 26617K [0x0000000081a00000, 0x0000000100000000)
  region size 1024K, 21 young (21504K), 2 survivors (2048K)
 Metaspace       used 6683K, committed 6912K, reserved 1056768K
  class space    used 777K, committed 896K, reserved 1048576K
}
Event: 1.208 GC heap after
{Heap after GC invocations=3 (full 0):
 garbage-first heap   total 131072K, used 8261K [0x0000000081a00000, 0x0000000100000000)
  region size 1024K, 2 young (2048K), 2 survivors (2048K)
 Metaspace       used 6683K, committed 6912K, reserved 1056768K
  class space    used 777K, committed 896K, reserved 1048576K
}
Event: 2.006 GC heap before
{Heap before GC invocations=3 (full 0):
 garbage-first heap   total 131072K, used 83013K [0x0000000081a00000, 0x0000000100000000)
  region size 1024K, 76 young (77824K), 2 survivors (2048K)
 Metaspace       used 14867K, committed 15104K, reserved 1064960K
  class space    used 1931K, committed 2048K, reserved 1048576K
}
Event: 2.012 GC heap after
{Heap after GC invocations=4 (full 0):
 garbage-first heap   total 131072K, used 10802K [0x0000000081a00000, 0x0000000100000000)
  region size 1024K, 4 young (4096K), 4 survivors (4096K)
 Metaspace       used 14867K, committed 15104K, reserved 1064960K
  class space    used 1931K, committed 2048K, reserved 1048576K
}
Event: 3.320 GC heap before
{Heap before GC invocations=4 (full 0):
 garbage-first heap   total 131072K, used 83506K [0x0000000081a00000, 0x0000000100000000)
  region size 1024K, 76 young (77824K), 4 survivors (4096K)
 Metaspace       used 20355K, committed 20672K, reserved 1073152K
  class space    used 2753K, committed 2944K, reserved 1048576K
}
Event: 3.325 GC heap after
{Heap after GC invocations=5 (full 0):
 garbage-first heap   total 131072K, used 13901K [0x0000000081a00000, 0x0000000100000000)
  region size 1024K, 7 young (7168K), 7 survivors (7168K)
 Metaspace       used 20355K, committed 20672K, reserved 1073152K
  class space    used 2753K, committed 2944K, reserved 1048576K
}
Event: 3.424 GC heap before
{Heap before GC invocations=5 (full 0):
 garbage-first heap   total 131072K, used 16973K [0x0000000081a00000, 0x0000000100000000)
  region size 1024K, 11 young (11264K), 7 survivors (7168K)
 Metaspace       used 20967K, committed 21248K, reserved 1073152K
  class space    used 2849K, committed 3008K, reserved 1048576K
}
Event: 3.429 GC heap after
{Heap after GC invocations=6 (full 0):
 garbage-first heap   total 131072K, used 14476K [0x0000000081a00000, 0x0000000100000000)
  region size 1024K, 4 young (4096K), 4 survivors (4096K)
 Metaspace       used 20967K, committed 21248K, reserved 1073152K
  class space    used 2849K, committed 3008K, reserved 1048576K
}
Event: 3.611 GC heap before
{Heap before GC invocations=7 (full 0):
 garbage-first heap   total 55296K, used 53388K [0x0000000081a00000, 0x0000000100000000)
  region size 1024K, 43 young (44032K), 4 survivors (4096K)
 Metaspace       used 22937K, committed 23296K, reserved 1073152K
  class space    used 3123K, committed 3264K, reserved 1048576K
}
Event: 3.615 GC heap after
{Heap after GC invocations=8 (full 0):
 garbage-first heap   total 61440K, used 16148K [0x0000000081a00000, 0x0000000100000000)
  region size 1024K, 6 young (6144K), 6 survivors (6144K)
 Metaspace       used 22937K, committed 23296K, reserved 1073152K
  class space    used 3123K, committed 3264K, reserved 1048576K
}
Event: 3.655 GC heap before
{Heap before GC invocations=8 (full 0):
 garbage-first heap   total 61440K, used 43796K [0x0000000081a00000, 0x0000000100000000)
  region size 1024K, 34 young (34816K), 6 survivors (6144K)
 Metaspace       used 23370K, committed 23680K, reserved 1073152K
  class space    used 3158K, committed 3264K, reserved 1048576K
}
Event: 3.658 GC heap after
{Heap after GC invocations=9 (full 0):
 garbage-first heap   total 61440K, used 16107K [0x0000000081a00000, 0x0000000100000000)
  region size 1024K, 3 young (3072K), 3 survivors (3072K)
 Metaspace       used 23370K, committed 23680K, reserved 1073152K
  class space    used 3158K, committed 3264K, reserved 1048576K
}
Event: 3.715 GC heap before
{Heap before GC invocations=9 (full 0):
 garbage-first heap   total 61440K, used 44779K [0x0000000081a00000, 0x0000000100000000)
  region size 1024K, 32 young (32768K), 3 survivors (3072K)
 Metaspace       used 23503K, committed 23872K, reserved 1073152K
  class space    used 3170K, committed 3328K, reserved 1048576K
}
Event: 3.717 GC heap after
{Heap after GC invocations=10 (full 0):
 garbage-first heap   total 118784K, used 15964K [0x0000000081a00000, 0x0000000100000000)
  region size 1024K, 3 young (3072K), 3 survivors (3072K)
 Metaspace       used 23503K, committed 23872K, reserved 1073152K
  class space    used 3170K, committed 3328K, reserved 1048576K
}

